2026-04-10 23:16:36 | CRITICAL | TicketBot | <module>:1681 | 💥 Критическая ошибка: A request to the Telegram API was unsuccessful. Error code: 401. Description: Unauthorized
Traceback (most recent call last):
  File "/workspace/ticket_bot.py", line 1677, in <module>
    bot.polling(none_stop=True)
  File "/usr/local/lib/python3.12/site-packages/telebot/__init__.py", line 1195, in polling
    logger.info('Starting your bot with username: [@%s]', self.user.username)
                                                          ^^^^^^^^^
  File "/usr/local/lib/python3.12/site-packages/telebot/__init__.py", line 306, in user
    self._user = self.get_me()
                 ^^^^^^^^^^^^^
  File "/usr/local/lib/python3.12/site-packages/telebot/__init__.py", line 1382, in get_me
    apihelper.get_me(self.token)
  File "/usr/local/lib/python3.12/site-packages/telebot/apihelper.py", line 204, in get_me
    return _make_request(token, method_url)
           ^^^^^^^^^^^^^^^^^^^^^^^^^^^^^^^^
  File "/usr/local/lib/python3.12/site-packages/telebot/apihelper.py", line 168, in _make_request
    json_result = _check_result(method_name, result)
                  ^^^^^^^^^^^^^^^^^^^^^^^^^^^^^^^^^^
  File "/usr/local/lib/python3.12/site-packages/telebot/apihelper.py", line 197, in _check_result
    raise ApiTelegramException(method_name, result, result_json)
telebot.apihelper.ApiTelegramException: A request to the Telegram API was unsuccessful. Error code: 401. Description: Unauthorized
